<?xml version="1.0" encoding="UTF-8"?>
<!-- Generated by org.testng.reporters.JUnitXMLReporter -->
<testsuite ignored="0" hostname="Rahuls-MacBook-Pro.local" failures="0" tests="3" name="Default test" time="10.249" errors="0" timestamp="17 Jul 2021 10:05:14 GMT">
  <testcase classname="com.tests.CalculatorTest" name="sumTest" time="2.346"/>
  <testcase classname="com.tests.CalculatorTest" name="subTest" time="2.105"/>
  <testcase classname="com.tests.CalculatorTest" name="divTest" time="2.124"/>
</testsuite> <!-- Default test -->
