<?xml version="1.0" encoding="UTF-8"?>
<testng-results ignored="0" total="3" passed="3" failed="0" skipped="0">
  <reporter-output>
  </reporter-output>
  <suite started-at="2021-07-17T10:05:04Z" name="Default suite" finished-at="2021-07-17T10:05:14Z" duration-ms="10249">
    <groups>
    </groups>
    <test started-at="2021-07-17T10:05:04Z" name="Default test" finished-at="2021-07-17T10:05:14Z" duration-ms="10249">
      <class name="com.tests.CalculatorTest">
        <test-method is-config="true" signature="setup()[pri:0, instance:com.tests.CalculatorTest@7b7fdc8]" started-at="2021-07-17T10:05:04Z" name="setup" finished-at="2021-07-17T10:05:07Z" duration-ms="3623" status="PASS">
          <reporter-output>
          </reporter-output>
        </test-method> <!-- setup -->
        <test-method signature="sumTest()[pri:1, instance:com.tests.CalculatorTest@7b7fdc8]" started-at="2021-07-17T10:05:07Z" name="sumTest" finished-at="2021-07-17T10:05:10Z" duration-ms="2346" status="PASS">
          <reporter-output>
          </reporter-output>
        </test-method> <!-- sumTest -->
        <test-method signature="subTest()[pri:2, instance:com.tests.CalculatorTest@7b7fdc8]" started-at="2021-07-17T10:05:10Z" name="subTest" finished-at="2021-07-17T10:05:12Z" duration-ms="2105" status="PASS">
          <reporter-output>
          </reporter-output>
        </test-method> <!-- subTest -->
        <test-method signature="divTest()[pri:3, instance:com.tests.CalculatorTest@7b7fdc8]" started-at="2021-07-17T10:05:12Z" name="divTest" finished-at="2021-07-17T10:05:14Z" duration-ms="2124" status="PASS">
          <reporter-output>
          </reporter-output>
        </test-method> <!-- divTest -->
      </class> <!-- com.tests.CalculatorTest -->
    </test> <!-- Default test -->
  </suite> <!-- Default suite -->
</testng-results>
